<?xml version="1.0" encoding="UTF-8"?>
<testsuite xmlns:xsi="http://www.w3.org/2001/XMLSchema-instance" xsi:noNamespaceSchemaLocation="https://maven.apache.org/surefire/maven-surefire-plugin/xsd/surefire-test-report-3.0.xsd" version="3.0" name="com.teladoc.webtables.test.RunCucumberTest" time="42.61" tests="2" errors="0" skipped="0" failures="0">
  <properties>
[...]
</properties>
  <testcase name="Add a user and validate the user has been added to the table" classname="Add a user to the web table" time="24.626">
    <system-out><![CDATA[
Scenario: Add a user and validate the user has been added to the table &amp#27;[90m# src/test/resources/features/add_user.feature:3&amp#27;[0m
  &amp#27;[32mGiven &amp#27;[0m&amp#27;[32mI am on the webtable page&amp#27;[0m                                      &amp#27;[90m# com.teladoc.webtables.steps.AddUser.i_am_on_the_webtable_page()&amp#27;[0m
  &amp#27;[32mWhen &amp#27;[0m&amp#27;[32mI add a user with the following details:&amp#27;[0m                        &amp#27;[90m# com.teladoc.webtables.steps.AddUser.i_add_a_user_with_the_following_details(io.cucumber.datatable.DataTable)&amp#27;[0m
    | First Name | Last Name | User Name | Email         | Role     | Cell Phone |
    | novak      | Doe       | novak.doe | novak@doe.com | Customer | 1234567890 |
  &amp#27;[32mThen &amp#27;[0m&amp#27;[32mI should see the user &amp#27;[0m&amp#27;[32m&amp#27;[1m"novak.doe"&amp#27;[0m&amp#27;[32m in the webtable&amp#27;[0m               &amp#27;[90m# com.teladoc.webtables.steps.AddUser.i_should_see_the_user_in_the_webtable(java.lang.String)&amp#27;[0m
]]></system-out>
    <system-err><![CDATA[Starting ChromeDriver 128.0.6613.137 (fe621c5aa2d6b987e964fb1b5066833da5fb613d-refs/branch-heads/6613@{#1711}) on port 59148
Only local connections are allowed.
Please see https://chromedriver.chromium.org/security-considerations for suggestions on keeping ChromeDriver safe.
ChromeDriver was started successfully on port 59148.
Sept 16, 2024 3:42:08 PM org.openqa.selenium.remote.ProtocolHandshake createSession
INFO: Detected upstream dialect: W3C
Sept 16, 2024 3:42:08 PM org.openqa.selenium.devtools.CdpVersionFinder findNearestMatch
WARNING: Unable to find an exact match for CDP version 128, so returning the closest version found: a no-op implementation
Sept 16, 2024 3:42:08 PM org.openqa.selenium.devtools.CdpVersionFinder findNearestMatch
INFO: Unable to find CDP implementation matching 128.
Sept 16, 2024 3:42:08 PM org.openqa.selenium.chromium.ChromiumDriver lambda$new$3
WARNING: Unable to find version of CDP to use for . You may need to include a dependency on a specific version of the CDP using something similar to `org.seleniumhq.selenium:selenium-devtools-v86:4.5.0` where the version ("v86") matches the version of the chromium-based browser you're using and the version number of the artifact is the same as Selenium's.
]]></system-err>
  </testcase>
  <testcase name="Delete the user &quot;novak&quot; from the table and validate the user has been deleted" classname="Delete a user from the web table" time="17.734">
    <system-out><![CDATA[
Scenario: Delete the user "novak" from the table and validate the user has been deleted &amp#27;[90m# src/test/resources/features/delete_user.feature:3&amp#27;[0m
  &amp#27;[32mGiven &amp#27;[0m&amp#27;[32mI am on the webtable pages&amp#27;[0m                                                      &amp#27;[90m# com.teladoc.webtables.steps.DeleteUser.i_am_on_the_webtable_page()&amp#27;[0m
  &amp#27;[32mWhen &amp#27;[0m&amp#27;[32mI delete the user &amp#27;[0m&amp#27;[32m&amp#27;[1m"novak"&amp#27;[0m                                                        &amp#27;[90m# com.teladoc.webtables.steps.DeleteUser.i_delete_the_user(java.lang.String)&amp#27;[0m
  &amp#27;[32mThen &amp#27;[0m&amp#27;[32mI should not see the user &amp#27;[0m&amp#27;[32m&amp#27;[1m"novak"&amp#27;[0m&amp#27;[32m in the webtable&amp#27;[0m                                &amp#27;[90m# com.teladoc.webtables.steps.DeleteUser.i_should_not_see_the_user_in_the_webtable(java.lang.String)&amp#27;[0m
]]></system-out>
    <system-err><![CDATA[Starting ChromeDriver 128.0.6613.137 (fe621c5aa2d6b987e964fb1b5066833da5fb613d-refs/branch-heads/6613@{#1711}) on port 51649
Only local connections are allowed.
Please see https://chromedriver.chromium.org/security-considerations for suggestions on keeping ChromeDriver safe.
ChromeDriver was started successfully on port 51649.
Sept 16, 2024 3:42:31 PM org.openqa.selenium.remote.ProtocolHandshake createSession
INFO: Detected upstream dialect: W3C
Sept 16, 2024 3:42:31 PM org.openqa.selenium.devtools.CdpVersionFinder findNearestMatch
WARNING: Unable to find an exact match for CDP version 128, so returning the closest version found: a no-op implementation
Sept 16, 2024 3:42:31 PM org.openqa.selenium.devtools.CdpVersionFinder findNearestMatch
INFO: Unable to find CDP implementation matching 128.
Sept 16, 2024 3:42:31 PM org.openqa.selenium.chromium.ChromiumDriver lambda$new$3
WARNING: Unable to find version of CDP to use for . You may need to include a dependency on a specific version of the CDP using something similar to `org.seleniumhq.selenium:selenium-devtools-v86:4.5.0` where the version ("v86") matches the version of the chromium-based browser you're using and the version number of the artifact is the same as Selenium's.
]]></system-err>
  </testcase>
</testsuite>